




24-19 


15-12 







19-19 22-22 





13-13 




































9-10 25-26 




















6-8 13-11 
1-1 3-15 10-15 15-15 22-21 


8-4 13-13 










4-3 6-9 13-11 
















5-5 




8-8 15-12 




19-19 22-22 



23-25 

0-14 18-17 











18-17 


6-17 9-10 19-13 25-26 



8-8 20-3 29-23 








4-8 22-17 
1-1 8-7 







12-12 26-24 




4-8 22-17 

















19-17 










0-0 9-8 13-11 




0-2 13-13 








13-13 





19-19 



9-10 25-26 


5-6 29-24 





28-27 
























9-10 25-26 

21-24 








19-19 












5-5 























13-11 



10-10 14-15 
15-12 


14-16 









































5-3 6-5 10-3 20-15 





















1-1 8-7 



13-9 15-12 

12-9 15-12 


















4-2 13-11 

1-1 3-5 8-7 




11-10 14-13 20-22 



3-6 13-11 

6-11 14-16 










12-11 21-19 









16-16 
10-9 18-17 
13-13 








